<<<<<<< HEAD
Survived for 6 turns
Survived for 4 turns
Survived for 3 turns
Survived for 7 turns
Survived for 5 turns
Survived for 19 turns
Survived for 3 turns
Survived for 5 turns
Survived for 3 turns
Survived for 8 turns
Survived for 5 turns
Survived for 10 turns
Survived for 3 turns
Survived for 11 turns
Survived for 8 turns
Survived for 3 turns
Survived for 38 turns
Survived for 8 turns
Survived for 3 turns
Survived for 3 turns
Survived for 4 turns
Survived for 3 turns
Survived for 5 turns
Survived for 3 turns
Survived for 3 turns
Survived for 3 turns
Survived for 4 turns
Survived for 3 turns
Survived for 4 turns
Survived for 3 turns
Survived for 3 turns
Survived for 5 turns
Survived for 5 turns
Survived for 8 turns
Survived for 3 turns
Survived for 4 turns
Survived for 3 turns
Survived for 5 turns
Survived for 4 turns
Survived for 4 turns
Survived for 3 turns
Survived for 4 turns
Survived for 8 turns
Survived for 11 turns
Survived for 8 turns
Survived for 5 turns
Survived for 4 turns
Survived for 10 turns
Survived for 3 turns
Survived for 4 turns
Survived for 3 turns
Survived for 3 turns
Survived for 22 turns
Survived for 6 turns
Survived for 4 turns
Survived for 8 turns
Survived for 3 turns
Survived for 6 turns
Survived for 10 turns
Survived for 4 turns
Survived for 3 turns
Survived for 5 turns
Survived for 3 turns
Survived for 6 turns
Survived for 3 turns
Survived for 6 turns
Survived for 14 turns
Survived for 9 turns
Survived for 10 turns
Survived for 7 turns
Survived for 3 turns
Survived for 3 turns
Survived for 10 turns
Survived for 7 turns
Survived for 14 turns
Survived for 4 turns
Survived for 6 turns
Survived for 3 turns
Survived for 7 turns
Survived for 7 turns
Survived for 4 turns
Survived for 5 turns
Survived for 4 turns
Survived for 22 turns
Survived for 4 turns
Survived for 3 turns
Survived for 3 turns
Survived for 5 turns
Survived for 21 turns
Survived for 3 turns
Survived for 8 turns
Survived for 5 turns
Survived for 10 turns
Survived for 42 turns
Survived for 4 turns
Survived for 15 turns
Survived for 6 turns
Survived for 18 turns
Survived for 8 turns
Survived for 4 turns
Survived for 5 turns
Survived for 6 turns
Survived for 4 turns
Survived for 7 turns
Survived for 4 turns
Survived for 26 turns
Survived for 12 turns
Survived for 8 turns
Survived for 4 turns
Survived for 9 turns
Survived for 3 turns
Survived for 4 turns
Survived for 3 turns
Survived for 3 turns
Survived for 5 turns
Survived for 3 turns
Survived for 3 turns
Survived for 7 turns
Survived for 9 turns
Survived for 21 turns
Survived for 24 turns
Survived for 17 turns
Survived for 15 turns
Survived for 3 turns
Survived for 3 turns
Survived for 9 turns
Survived for 5 turns
Survived for 10 turns
Survived for 15 turns
Survived for 22 turns
Survived for 3 turns
Survived for 6 turns
Survived for 13 turns
Survived for 5 turns
Survived for 3 turns
Survived for 3 turns
Survived for 18 turns
Survived for 8 turns
Survived for 10 turns
Survived for 13 turns
Survived for 3 turns
Survived for 4 turns
Survived for 3 turns
Survived for 4 turns
Survived for 50 turns
Survived for 4 turns
Survived for 8 turns
Survived for 5 turns
Survived for 12 turns
Survived for 67 turns
Survived for 14 turns
Survived for 5 turns
Survived for 25 turns
Survived for 7 turns
Survived for 32 turns
Survived for 3 turns
Survived for 31 turns
Survived for 18 turns
Survived for 5 turns
Survived for 4 turns
Survived for 6 turns
Survived for 33 turns
Survived for 20 turns
Survived for 70 turns
Survived for 6 turns
Survived for 10 turns
Survived for 5 turns
Survived for 6 turns
Survived for 17 turns
Survived for 99 turns
Survived for 9 turns
Survived for 6 turns
Survived for 50 turns
Survived for 6 turns
Survived for 3 turns
Survived for 9 turns
Survived for 8 turns
Survived for 12 turns
Survived for 18 turns
Survived for 7 turns
Survived for 14 turns
Survived for 54 turns
Survived for 4 turns
Survived for 4 turns
Survived for 3 turns
Survived for 7 turns
Survived for 6 turns
Survived for 5 turns
Survived for 6 turns
Survived for 3 turns
Survived for 5 turns
Survived for 10 turns
Survived for 13 turns
Survived for 3 turns
Survived for 3 turns
Survived for 3 turns
Survived for 3 turns
Survived for 4 turns
Survived for 3 turns
Survived for 3 turns
Survived for 31 turns
Survived for 4 turns
Survived for 11 turns
Survived for 136 turns
Survived for 21 turns
Survived for 140 turns
Survived for 664 turns
Survived for 5 turns
Survived for 7 turns
Survived for 5 turns
Survived for 6 turns
Survived for 9 turns
Survived for 8 turns
Survived for 7 turns
Survived for 4 turns
Survived for 8 turns
Survived for 5 turns
Survived for 4 turns
Survived for 11 turns
Survived for 4 turns
Survived for 1756 turns
Survived for 2874 turns
Survived for 3748 turns
Survived for 349 turns
Survived for 770 turns
Survived for 1695 turns
Survived for 3965 turns
Survived for 281 turns
Survived for 7233 turns
Survived for 392 turns
Survived for 420 turns
Survived for 1160 turns
=======
Survived for 8 turns with 0 layers
Survived for 8 turns with 0 layers
>>>>>>> b82aa04ee6351e51476e058fc28cc4db0f54176d
